<?xml version="1.0" encoding="UTF-8"?>
<testsuite xmlns:xsi="http://www.w3.org/2001/XMLSchema-instance" xsi:noNamespaceSchemaLocation="https://maven.apache.org/surefire/maven-surefire-plugin/xsd/surefire-test-report-3.0.xsd" version="3.0" name="org.hdivsamples.controllers.DashboardControllerTest" time="0.875" tests="1" errors="0" skipped="0" failures="0">
  <properties>
    <property name="java.specification.version" value="24"/>
    <property name="sun.jnu.encoding" value="UTF-8"/>
    <property name="java.class.path" value="/Users/tithibiswas/GITHUB_APP/test_repos/insecure-bank/target/test-classes:/Users/tithibiswas/GITHUB_APP/test_repos/insecure-bank/target/classes:/Users/tithibiswas/.m2/repository/org/springframework/spring-webmvc/4.2.3.RELEASE/spring-webmvc-4.2.3.RELEASE.jar:/Users/tithibiswas/.m2/repository/org/springframework/spring-beans/4.2.3.RELEASE/spring-beans-4.2.3.RELEASE.jar:/Users/tithibiswas/.m2/repository/org/springframework/spring-context/4.2.3.RELEASE/spring-context-4.2.3.RELEASE.jar:/Users/tithibiswas/.m2/repository/org/springframework/spring-core/4.2.3.RELEASE/spring-core-4.2.3.RELEASE.jar:/Users/tithibiswas/.m2/repository/commons-logging/commons-logging/1.2/commons-logging-1.2.jar:/Users/tithibiswas/.m2/repository/org/springframework/spring-expression/4.2.3.RELEASE/spring-expression-4.2.3.RELEASE.jar:/Users/tithibiswas/.m2/repository/org/springframework/spring-jdbc/4.2.3.RELEASE/spring-jdbc-4.2.3.RELEASE.jar:/Users/tithibiswas/.m2/repository/org/springframework/spring-tx/4.2.3.RELEASE/spring-tx-4.2.3.RELEASE.jar:/Users/tithibiswas/.m2/repository/org/springframework/spring-web/4.2.3.RELEASE/spring-web-4.2.3.RELEASE.jar:/Users/tithibiswas/.m2/repository/org/springframework/spring-aop/4.2.3.RELEASE/spring-aop-4.2.3.RELEASE.jar:/Users/tithibiswas/.m2/repository/javax/servlet/jstl/1.2/jstl-1.2.jar:/Users/tithibiswas/.m2/repository/javax/servlet/javax.servlet-api/3.1.0/javax.servlet-api-3.1.0.jar:/Users/tithibiswas/.m2/repository/javax/servlet/jsp/javax.servlet.jsp-api/2.3.1/javax.servlet.jsp-api-2.3.1.jar:/Users/tithibiswas/.m2/repository/javax/validation/validation-api/1.0.0.GA/validation-api-1.0.0.GA.jar:/Users/tithibiswas/.m2/repository/org/hibernate/hibernate-validator/4.3.2.Final/hibernate-validator-4.3.2.Final.jar:/Users/tithibiswas/.m2/repository/org/jboss/logging/jboss-logging/3.1.0.CR2/jboss-logging-3.1.0.CR2.jar:/Users/tithibiswas/.m2/repository/javax/xml/bind/jaxb-api/2.3.0/jaxb-api-2.3.0.jar:/Users/tithibiswas/.m2/repository/com/jolbox/bonecp/0.8.0.RELEASE/bonecp-0.8.0.RELEASE.jar:/Users/tithibiswas/.m2/repository/com/google/guava/guava/15.0/guava-15.0.jar:/Users/tithibiswas/.m2/repository/org/slf4j/slf4j-api/1.7.2/slf4j-api-1.7.2.jar:/Users/tithibiswas/.m2/repository/org/postgresql/postgresql/9.2-1004-jdbc4/postgresql-9.2-1004-jdbc4.jar:/Users/tithibiswas/.m2/repository/org/hsqldb/hsqldb/2.3.4/hsqldb-2.3.4.jar:/Users/tithibiswas/.m2/repository/commons-dbcp/commons-dbcp/1.2.2/commons-dbcp-1.2.2.jar:/Users/tithibiswas/.m2/repository/commons-pool/commons-pool/1.5.3/commons-pool-1.5.3.jar:/Users/tithibiswas/.m2/repository/org/apache/logging/log4j/log4j-slf4j-impl/2.14.1/log4j-slf4j-impl-2.14.1.jar:/Users/tithibiswas/.m2/repository/org/apache/logging/log4j/log4j-api/2.14.1/log4j-api-2.14.1.jar:/Users/tithibiswas/.m2/repository/org/apache/logging/log4j/log4j-core/2.14.1/log4j-core-2.14.1.jar:/Users/tithibiswas/.m2/repository/commons-fileupload/commons-fileupload/1.3.3/commons-fileupload-1.3.3.jar:/Users/tithibiswas/.m2/repository/commons-io/commons-io/2.2/commons-io-2.2.jar:/Users/tithibiswas/.m2/repository/org/springframework/security/spring-security-core/4.0.3.RELEASE/spring-security-core-4.0.3.RELEASE.jar:/Users/tithibiswas/.m2/repository/aopalliance/aopalliance/1.0/aopalliance-1.0.jar:/Users/tithibiswas/.m2/repository/org/springframework/security/spring-security-config/4.0.3.RELEASE/spring-security-config-4.0.3.RELEASE.jar:/Users/tithibiswas/.m2/repository/org/springframework/security/spring-security-web/4.0.3.RELEASE/spring-security-web-4.0.3.RELEASE.jar:/Users/tithibiswas/.m2/repository/com/unboundid/unboundid-ldapsdk/5.1.0/unboundid-ldapsdk-5.1.0.jar:/Users/tithibiswas/.m2/repository/junit/junit/4.13.1/junit-4.13.1.jar:/Users/tithibiswas/.m2/repository/org/hamcrest/hamcrest-core/1.3/hamcrest-core-1.3.jar:/Users/tithibiswas/.m2/repository/org/springframework/spring-test/4.2.3.RELEASE/spring-test-4.2.3.RELEASE.jar:"/>
    <property name="java.vm.vendor" value="Homebrew"/>
    <property name="sun.arch.data.model" value="64"/>
    <property name="java.vendor.url" value="https://github.com/Homebrew/homebrew-core/issues"/>
    <property name="os.name" value="Mac OS X"/>
    <property name="java.vm.specification.version" value="24"/>
    <property name="sun.java.launcher" value="SUN_STANDARD"/>
    <property name="user.country" value="IN"/>
    <property name="sun.boot.library.path" value="/opt/homebrew/Cellar/openjdk/24.0.1/libexec/openjdk.jdk/Contents/Home/lib"/>
    <property name="sun.java.command" value="/Users/tithibiswas/GITHUB_APP/test_repos/insecure-bank/target/surefire/surefirebooter-20250822180739922_3.jar /Users/tithibiswas/GITHUB_APP/test_repos/insecure-bank/target/surefire 2025-08-22T18-07-39_766-jvmRun1 surefire-20250822180739922_1tmp surefire_0-20250822180739922_2tmp"/>
    <property name="jdk.debug" value="release"/>
    <property name="surefire.test.class.path" value="/Users/tithibiswas/GITHUB_APP/test_repos/insecure-bank/target/test-classes:/Users/tithibiswas/GITHUB_APP/test_repos/insecure-bank/target/classes:/Users/tithibiswas/.m2/repository/org/springframework/spring-webmvc/4.2.3.RELEASE/spring-webmvc-4.2.3.RELEASE.jar:/Users/tithibiswas/.m2/repository/org/springframework/spring-beans/4.2.3.RELEASE/spring-beans-4.2.3.RELEASE.jar:/Users/tithibiswas/.m2/repository/org/springframework/spring-context/4.2.3.RELEASE/spring-context-4.2.3.RELEASE.jar:/Users/tithibiswas/.m2/repository/org/springframework/spring-core/4.2.3.RELEASE/spring-core-4.2.3.RELEASE.jar:/Users/tithibiswas/.m2/repository/commons-logging/commons-logging/1.2/commons-logging-1.2.jar:/Users/tithibiswas/.m2/repository/org/springframework/spring-expression/4.2.3.RELEASE/spring-expression-4.2.3.RELEASE.jar:/Users/tithibiswas/.m2/repository/org/springframework/spring-jdbc/4.2.3.RELEASE/spring-jdbc-4.2.3.RELEASE.jar:/Users/tithibiswas/.m2/repository/org/springframework/spring-tx/4.2.3.RELEASE/spring-tx-4.2.3.RELEASE.jar:/Users/tithibiswas/.m2/repository/org/springframework/spring-web/4.2.3.RELEASE/spring-web-4.2.3.RELEASE.jar:/Users/tithibiswas/.m2/repository/org/springframework/spring-aop/4.2.3.RELEASE/spring-aop-4.2.3.RELEASE.jar:/Users/tithibiswas/.m2/repository/javax/servlet/jstl/1.2/jstl-1.2.jar:/Users/tithibiswas/.m2/repository/javax/servlet/javax.servlet-api/3.1.0/javax.servlet-api-3.1.0.jar:/Users/tithibiswas/.m2/repository/javax/servlet/jsp/javax.servlet.jsp-api/2.3.1/javax.servlet.jsp-api-2.3.1.jar:/Users/tithibiswas/.m2/repository/javax/validation/validation-api/1.0.0.GA/validation-api-1.0.0.GA.jar:/Users/tithibiswas/.m2/repository/org/hibernate/hibernate-validator/4.3.2.Final/hibernate-validator-4.3.2.Final.jar:/Users/tithibiswas/.m2/repository/org/jboss/logging/jboss-logging/3.1.0.CR2/jboss-logging-3.1.0.CR2.jar:/Users/tithibiswas/.m2/repository/javax/xml/bind/jaxb-api/2.3.0/jaxb-api-2.3.0.jar:/Users/tithibiswas/.m2/repository/com/jolbox/bonecp/0.8.0.RELEASE/bonecp-0.8.0.RELEASE.jar:/Users/tithibiswas/.m2/repository/com/google/guava/guava/15.0/guava-15.0.jar:/Users/tithibiswas/.m2/repository/org/slf4j/slf4j-api/1.7.2/slf4j-api-1.7.2.jar:/Users/tithibiswas/.m2/repository/org/postgresql/postgresql/9.2-1004-jdbc4/postgresql-9.2-1004-jdbc4.jar:/Users/tithibiswas/.m2/repository/org/hsqldb/hsqldb/2.3.4/hsqldb-2.3.4.jar:/Users/tithibiswas/.m2/repository/commons-dbcp/commons-dbcp/1.2.2/commons-dbcp-1.2.2.jar:/Users/tithibiswas/.m2/repository/commons-pool/commons-pool/1.5.3/commons-pool-1.5.3.jar:/Users/tithibiswas/.m2/repository/org/apache/logging/log4j/log4j-slf4j-impl/2.14.1/log4j-slf4j-impl-2.14.1.jar:/Users/tithibiswas/.m2/repository/org/apache/logging/log4j/log4j-api/2.14.1/log4j-api-2.14.1.jar:/Users/tithibiswas/.m2/repository/org/apache/logging/log4j/log4j-core/2.14.1/log4j-core-2.14.1.jar:/Users/tithibiswas/.m2/repository/commons-fileupload/commons-fileupload/1.3.3/commons-fileupload-1.3.3.jar:/Users/tithibiswas/.m2/repository/commons-io/commons-io/2.2/commons-io-2.2.jar:/Users/tithibiswas/.m2/repository/org/springframework/security/spring-security-core/4.0.3.RELEASE/spring-security-core-4.0.3.RELEASE.jar:/Users/tithibiswas/.m2/repository/aopalliance/aopalliance/1.0/aopalliance-1.0.jar:/Users/tithibiswas/.m2/repository/org/springframework/security/spring-security-config/4.0.3.RELEASE/spring-security-config-4.0.3.RELEASE.jar:/Users/tithibiswas/.m2/repository/org/springframework/security/spring-security-web/4.0.3.RELEASE/spring-security-web-4.0.3.RELEASE.jar:/Users/tithibiswas/.m2/repository/com/unboundid/unboundid-ldapsdk/5.1.0/unboundid-ldapsdk-5.1.0.jar:/Users/tithibiswas/.m2/repository/junit/junit/4.13.1/junit-4.13.1.jar:/Users/tithibiswas/.m2/repository/org/hamcrest/hamcrest-core/1.3/hamcrest-core-1.3.jar:/Users/tithibiswas/.m2/repository/org/springframework/spring-test/4.2.3.RELEASE/spring-test-4.2.3.RELEASE.jar:"/>
    <property name="sun.cpu.endian" value="little"/>
    <property name="user.home" value="/Users/tithibiswas"/>
    <property name="user.language" value="en"/>
    <property name="java.specification.vendor" value="Oracle Corporation"/>
    <property name="java.version.date" value="2025-04-15"/>
    <property name="java.home" value="/opt/homebrew/Cellar/openjdk/24.0.1/libexec/openjdk.jdk/Contents/Home"/>
    <property name="file.separator" value="/"/>
    <property name="basedir" value="/Users/tithibiswas/GITHUB_APP/test_repos/insecure-bank"/>
    <property name="java.vm.compressedOopsMode" value="Zero based"/>
    <property name="line.separator" value="&#10;"/>
    <property name="java.specification.name" value="Java Platform API Specification"/>
    <property name="java.vm.specification.vendor" value="Oracle Corporation"/>
    <property name="apple.awt.application.name" value="ForkedBooter"/>
    <property name="surefire.real.class.path" value="/Users/tithibiswas/GITHUB_APP/test_repos/insecure-bank/target/surefire/surefirebooter-20250822180739922_3.jar"/>
    <property name="sun.management.compiler" value="HotSpot 64-Bit Tiered Compilers"/>
    <property name="java.runtime.version" value="24.0.1"/>
    <property name="user.name" value="tithibiswas"/>
    <property name="stdout.encoding" value="UTF-8"/>
    <property name="path.separator" value=":"/>
    <property name="os.version" value="15.5"/>
    <property name="java.runtime.name" value="OpenJDK Runtime Environment"/>
    <property name="file.encoding" value="UTF-8"/>
    <property name="java.vm.name" value="OpenJDK 64-Bit Server VM"/>
    <property name="java.vendor.version" value="Homebrew"/>
    <property name="localRepository" value="/Users/tithibiswas/.m2/repository"/>
    <property name="java.vendor.url.bug" value="https://github.com/Homebrew/homebrew-core/issues"/>
    <property name="java.io.tmpdir" value="/var/folders/dj/_7__kdws5tbfqzkv3xq81tz40000gn/T/"/>
    <property name="java.version" value="24.0.1"/>
    <property name="user.dir" value="/Users/tithibiswas/GITHUB_APP/test_repos/insecure-bank"/>
    <property name="os.arch" value="aarch64"/>
    <property name="java.vm.specification.name" value="Java Virtual Machine Specification"/>
    <property name="native.encoding" value="UTF-8"/>
    <property name="java.library.path" value="/Users/tithibiswas/Library/Java/Extensions:/Library/Java/Extensions:/Network/Library/Java/Extensions:/System/Library/Java/Extensions:/usr/lib/java:."/>
    <property name="java.vm.info" value="mixed mode, sharing"/>
    <property name="stderr.encoding" value="UTF-8"/>
    <property name="java.vendor" value="Homebrew"/>
    <property name="java.vm.version" value="24.0.1"/>
    <property name="sun.io.unicode.encoding" value="UnicodeBig"/>
    <property name="java.class.version" value="68.0"/>
  </properties>
  <testcase name="userDetail" classname="org.hdivsamples.controllers.DashboardControllerTest" time="0.03">
    <system-err><![CDATA[Aug 22, 2025 6:07:40 PM org.springframework.test.context.web.WebTestContextBootstrapper getDefaultTestExecutionListenerClassNames
INFO: Loaded default TestExecutionListener class names from location [META-INF/spring.factories]: [org.springframework.test.context.web.ServletTestExecutionListener, org.springframework.test.context.support.DirtiesContextBeforeModesTestExecutionListener, org.springframework.test.context.support.DependencyInjectionTestExecutionListener, org.springframework.test.context.support.DirtiesContextTestExecutionListener, org.springframework.test.context.transaction.TransactionalTestExecutionListener, org.springframework.test.context.jdbc.SqlScriptsTestExecutionListener]
Aug 22, 2025 6:07:40 PM org.springframework.test.context.web.WebTestContextBootstrapper getTestExecutionListeners
INFO: Using TestExecutionListeners: [org.springframework.test.context.web.ServletTestExecutionListener@4206a205, org.springframework.test.context.support.DirtiesContextBeforeModesTestExecutionListener@29ba4338, org.springframework.test.context.support.DependencyInjectionTestExecutionListener@57175e74, org.springframework.test.context.support.DirtiesContextTestExecutionListener@7bb58ca3, org.springframework.test.context.transaction.TransactionalTestExecutionListener@c540f5a, org.springframework.test.context.jdbc.SqlScriptsTestExecutionListener@770c2e6b]
Aug 22, 2025 6:07:40 PM org.springframework.web.context.support.GenericWebApplicationContext prepareRefresh
INFO: Refreshing org.springframework.web.context.support.GenericWebApplicationContext@a4102b8: startup date [Fri Aug 22 18:07:40 IST 2025]; root of context hierarchy
Aug 22, 2025 6:07:40 PM org.springframework.beans.factory.xml.XmlBeanDefinitionReader loadBeanDefinitions
INFO: Loading XML bean definitions from class path resource [dataAccess-config.xml]
Aug 22, 2025 6:07:40 PM org.springframework.context.support.PropertySourcesPlaceholderConfigurer loadProperties
INFO: Loading properties file from class path resource [jdbc.properties]
Aug 22, 2025 6:07:40 PM org.hibernate.validator.internal.util.Version <clinit>
INFO: HV000001: Hibernate Validator 4.3.2.Final
Aug 22, 2025 6:07:40 PM org.springframework.web.servlet.mvc.method.annotation.RequestMappingHandlerMapping register
INFO: Mapped "{[/dashboard]}" onto public java.lang.String org.hdivsamples.controllers.DashboardController.activity(org.springframework.ui.Model,java.security.Principal)
Aug 22, 2025 6:07:40 PM org.springframework.web.servlet.mvc.method.annotation.RequestMappingHandlerMapping register
INFO: Mapped "{[/dashboard/userDetail/avatar],methods=[GET]}" onto public void org.hdivsamples.controllers.DashboardController.getImage(javax.servlet.http.HttpServletResponse,java.lang.String)
Aug 22, 2025 6:07:40 PM org.springframework.web.servlet.mvc.method.annotation.RequestMappingHandlerMapping register
INFO: Mapped "{[/dashboard/userDetail/creditCardImage],methods=[GET]}" onto public void org.hdivsamples.controllers.DashboardController.getCreditCardImage(java.lang.String,javax.servlet.http.HttpServletResponse) throws java.io.IOException
Aug 22, 2025 6:07:40 PM org.springframework.web.servlet.mvc.method.annotation.RequestMappingHandlerMapping register
INFO: Mapped "{[/dashboard/userDetail/avatar/update],methods=[POST]}" onto public java.lang.String org.hdivsamples.controllers.DashboardController.updateAvatar(org.springframework.web.multipart.MultipartFile,java.security.Principal,org.springframework.web.servlet.mvc.support.RedirectAttributes)
Aug 22, 2025 6:07:40 PM org.springframework.web.servlet.mvc.method.annotation.RequestMappingHandlerMapping register
INFO: Mapped "{[/dashboard/userDetail/certificate],methods=[POST]}" onto public void org.hdivsamples.controllers.DashboardController.getCertificate(javax.servlet.http.HttpServletResponse,org.hdivsamples.bean.Account)
Aug 22, 2025 6:07:40 PM org.springframework.web.servlet.mvc.method.annotation.RequestMappingHandlerMapping register
INFO: Mapped "{[/dashboard/userDetail/newcertificate],methods=[POST]}" onto public java.lang.String org.hdivsamples.controllers.DashboardController.processSimple(org.springframework.web.multipart.MultipartFile,org.springframework.ui.Model) throws java.lang.Exception
Aug 22, 2025 6:07:40 PM org.springframework.web.servlet.mvc.method.annotation.RequestMappingHandlerMapping register
INFO: Mapped "{[/dashboard/userDetail],methods=[GET]}" onto public java.lang.String org.hdivsamples.controllers.DashboardController.userDetail(org.springframework.ui.Model,java.security.Principal,java.lang.String)
Aug 22, 2025 6:07:40 PM org.springframework.web.servlet.mvc.method.annotation.RequestMappingHandlerMapping register
INFO: Mapped "{[/dashboard/userDetail/maliciouscertificate],methods=[POST]}" onto public void org.hdivsamples.controllers.DashboardController.getMaliciousCertificate(javax.servlet.http.HttpServletResponse,org.hdivsamples.bean.Account)
Aug 22, 2025 6:07:40 PM org.springframework.web.servlet.mvc.method.annotation.RequestMappingHandlerMapping register
INFO: Mapped "{[/transfer],methods=[POST]}" onto public java.lang.String org.hdivsamples.controllers.TransferController.transfer(org.hdivsamples.bean.Transfer,org.springframework.validation.BindingResult,org.springframework.ui.Model,java.security.Principal,java.lang.String,javax.servlet.http.HttpSession,javax.servlet.http.HttpServletResponse) throws java.io.IOException
Aug 22, 2025 6:07:40 PM org.springframework.web.servlet.mvc.method.annotation.RequestMappingHandlerMapping register
INFO: Mapped "{[/transfer]}" onto public java.lang.String org.hdivsamples.controllers.TransferController.newTransferForm(org.springframework.ui.Model,java.security.Principal,javax.servlet.http.HttpServletResponse)
Aug 22, 2025 6:07:40 PM org.springframework.web.servlet.mvc.method.annotation.RequestMappingHandlerMapping register
INFO: Mapped "{[/transfer/confirm],methods=[POST]}" onto public java.lang.String org.hdivsamples.controllers.TransferController.transferCheck(org.hdivsamples.bean.OperationConfirm,org.springframework.validation.BindingResult,org.springframework.ui.Model,java.security.Principal,java.lang.String,javax.servlet.http.HttpSession)
Aug 22, 2025 6:07:40 PM org.springframework.web.servlet.mvc.method.annotation.RequestMappingHandlerMapping register
INFO: Mapped "{[/transfer/redirect/{accountType}],methods=[GET]}" onto public java.lang.String org.hdivsamples.controllers.TransferController.transferRedirect()
Aug 22, 2025 6:07:40 PM org.springframework.web.servlet.mvc.method.annotation.RequestMappingHandlerMapping register
INFO: Mapped "{[/admin]}" onto public java.lang.String org.hdivsamples.controllers.AdminController.admin(org.springframework.ui.Model,java.security.Principal)
Aug 22, 2025 6:07:40 PM org.springframework.web.servlet.mvc.method.annotation.RequestMappingHandlerMapping register
INFO: Mapped "{[/help]}" onto public java.lang.String org.hdivsamples.controllers.HelpController.admin(org.springframework.ui.Model)
Aug 22, 2025 6:07:40 PM org.springframework.web.servlet.mvc.method.annotation.RequestMappingHandlerMapping register
INFO: Mapped "{[/activity]}" onto public java.lang.String org.hdivsamples.controllers.ActivityController.activity(org.springframework.ui.Model,java.security.Principal)
Aug 22, 2025 6:07:40 PM org.springframework.web.servlet.mvc.method.annotation.RequestMappingHandlerMapping register
INFO: Mapped "{[/activity || /activity/activity || /activity/detail],methods=[POST]}" onto public java.lang.String org.hdivsamples.controllers.ActivityController.changeAccount(org.hdivsamples.bean.CashAccount,org.springframework.validation.BindingResult,org.springframework.ui.Model,java.security.Principal)
Aug 22, 2025 6:07:40 PM org.springframework.web.servlet.mvc.method.annotation.RequestMappingHandlerMapping register
INFO: Mapped "{[/activity/{account}/detail]}" onto public java.lang.String org.hdivsamples.controllers.ActivityController.viewActivityByNumber(java.lang.String,org.springframework.ui.Model,java.security.Principal)
Aug 22, 2025 6:07:40 PM org.springframework.web.servlet.mvc.method.annotation.RequestMappingHandlerMapping register
INFO: Mapped "{[/activity/credit]}" onto public java.lang.String org.hdivsamples.controllers.ActivityController.viewActivityByCreditNumber(java.lang.String,org.springframework.ui.Model,java.security.Principal)
Aug 22, 2025 6:07:40 PM org.springframework.web.servlet.mvc.method.annotation.RequestMappingHandlerMapping register
INFO: Mapped "{[/]}" onto public java.lang.String org.hdivsamples.controllers.AuthenticationController.home(org.springframework.ui.Model)
Aug 22, 2025 6:07:40 PM org.springframework.web.servlet.mvc.method.annotation.RequestMappingHandlerMapping register
INFO: Mapped "{[/login]}" onto public java.lang.String org.hdivsamples.controllers.AuthenticationController.login(org.springframework.ui.Model)
Aug 22, 2025 6:07:40 PM org.springframework.web.servlet.mvc.method.annotation.RequestMappingHandlerMapping register
INFO: Mapped "{[/403]}" onto public java.lang.String org.hdivsamples.controllers.AuthenticationController.error403(org.springframework.ui.Model)
Aug 22, 2025 6:07:40 PM org.springframework.web.servlet.handler.SimpleUrlHandlerMapping registerHandler
INFO: Mapped URL path [/resources/**] onto handler of type [class org.springframework.web.servlet.resource.ResourceHttpRequestHandler]
Aug 22, 2025 6:07:40 PM org.springframework.web.servlet.mvc.method.annotation.RequestMappingHandlerAdapter initControllerAdviceCache
INFO: Looking for @ControllerAdvice: org.springframework.web.context.support.GenericWebApplicationContext@a4102b8: startup date [Fri Aug 22 18:07:40 IST 2025]; root of context hierarchy
Aug 22, 2025 6:07:40 PM org.springframework.jdbc.datasource.init.ScriptUtils executeSqlScript
INFO: Executing SQL script from class path resource [db/schema.sql]
Aug 22, 2025 6:07:40 PM org.springframework.jdbc.datasource.init.ScriptUtils executeSqlScript
INFO: Executed SQL script from class path resource [db/schema.sql] in 4 ms.
Aug 22, 2025 6:07:40 PM org.springframework.jdbc.datasource.init.ScriptUtils executeSqlScript
INFO: Executing SQL script from class path resource [db/dataload.sql]
Aug 22, 2025 6:07:40 PM org.springframework.jdbc.datasource.init.ScriptUtils executeSqlScript
INFO: Executed SQL script from class path resource [db/dataload.sql] in 10 ms.
Aug 22, 2025 6:07:40 PM org.springframework.mock.web.MockServletContext log
INFO: Initializing Spring FrameworkServlet ''
Aug 22, 2025 6:07:40 PM org.springframework.test.web.servlet.TestDispatcherServlet initServletBean
INFO: FrameworkServlet '': initialization started
Aug 22, 2025 6:07:40 PM org.springframework.test.web.servlet.TestDispatcherServlet initServletBean
INFO: FrameworkServlet '': initialization completed in 3 ms
]]></system-err>
  </testcase>
</testsuite>